<?xml version="1.0" encoding="UTF-8"?>
<!-- Generated by org.testng.reporters.JUnitReportReporter -->
<testsuite hostname="Gajanan-PC" name="com.scp.TestNG.BTest" tests="2" failures="0" timestamp="25 Jul 2018 11:41:55 GMT" time="0.003" errors="0">
  <testcase name="B1" time="0.002" classname="com.scp.TestNG.BTest"/>
  <testcase name="B" time="0.001" classname="com.scp.TestNG.BTest"/>
</testsuite> <!-- com.scp.TestNG.BTest -->
