<?xml version="1.0" encoding="UTF-8"?>
<!-- Generated by org.testng.reporters.JUnitReportReporter -->
<testsuite hostname="Gajanan-PC" name="com.scp.TestNG.CTest" tests="1" failures="0" timestamp="25 Jul 2018 11:41:55 GMT" time="0.006" errors="0">
  <testcase name="cTest1" time="0.006" classname="com.scp.TestNG.CTest"/>
</testsuite> <!-- com.scp.TestNG.CTest -->
